<?xml version="1.0" encoding="UTF-8"?>
<!-- Generated by org.testng.reporters.JUnitReportReporter -->
<testsuite hostname="DESKTOP-O63GFKG" failures="0" tests="1" name="com.test.MathTest" time="0.020" errors="0" timestamp="2021-09-29T15:32:45 IST" skipped="0">
  <testcase classname="com.test.MathTest" name="factorialTest" time="0.020"/>
  <system-out/>
</testsuite> <!-- com.test.MathTest -->
