<?xml version="1.0" encoding="UTF-8"?>
<!-- Generated by org.testng.reporters.JUnitReportReporter -->
<testsuite hostname="DESKTOP-O63GFKG" failures="0" tests="3" name="com.test.SeleniumTests" time="4.407" errors="0" timestamp="2021-10-01T15:50:27 IST" skipped="0">
  <testcase classname="com.test.SeleniumTests" name="testTopics" time="2.384"/>
  <system-out/>
  <testcase classname="com.test.SeleniumTests" name="testLinks" time="1.553"/>
  <system-out/>
  <testcase classname="com.test.SeleniumTests" name="testHover" time="0.470"/>
  <system-out/>
</testsuite> <!-- com.test.SeleniumTests -->
