<?xml version="1.0" encoding="UTF-8"?>
<!-- Generated by org.testng.reporters.JUnitReportReporter -->
<testsuite hostname="DESKTOP-O63GFKG" failures="0" tests="1" name="com.test.SeleniumTests" time="3.011" errors="0" timestamp="2021-10-01T14:45:37 IST" skipped="0">
  <testcase classname="com.test.SeleniumTests" name="testTopics" time="3.011"/>
  <system-out/>
</testsuite> <!-- com.test.SeleniumTests -->
