<?xml version="1.0" encoding="UTF-8"?>
<!-- Generated by org.testng.reporters.JUnitReportReporter -->
<testsuite hostname="DESKTOP-O63GFKG" failures="0" tests="2" name="com.test.WebsiteTests" time="0.974" errors="0" timestamp="2021-10-01T16:58:21 IST" skipped="0">
  <testcase classname="com.test.WebsiteTests" name="titleTest" time="0.920"/>
  <system-out/>
  <testcase classname="com.test.WebsiteTests" name="headerTest" time="0.054"/>
  <system-out/>
</testsuite> <!-- com.test.WebsiteTests -->
