<?xml version="1.0" encoding="UTF-8"?>
<!-- Generated by org.testng.reporters.JUnitReportReporter -->
<testsuite hostname="DESKTOP-O63GFKG" failures="0" tests="4" name="com.test.DataDrivenTests" time="8.962" errors="0" timestamp="2021-10-04T16:03:23 IST" skipped="0">
  <testcase classname="com.test.DataDrivenTests" name="test" time="6.852"/>
  <system-out/>
  <testcase classname="com.test.DataDrivenTests" name="test" time="0.678"/>
  <system-out/>
  <testcase classname="com.test.DataDrivenTests" name="test" time="0.664"/>
  <system-out/>
  <testcase classname="com.test.DataDrivenTests" name="test" time="0.768"/>
  <system-out/>
</testsuite> <!-- com.test.DataDrivenTests -->
