<?xml version="1.0" encoding="UTF-8"?>
<!-- Generated by org.testng.reporters.JUnitReportReporter -->
<testsuite hostname="DESKTOP-O63GFKG" failures="0" tests="2" name="com.test.MathTest" time="0.018" errors="0" timestamp="2021-09-29T16:03:17 IST" skipped="0">
  <testcase classname="com.test.MathTest" name="factorialTest" time="0.012"/>
  <system-out/>
  <testcase classname="com.test.MathTest" name="factorialTest2" time="0.006"/>
  <system-out/>
</testsuite> <!-- com.test.MathTest -->
