<?xml version="1.0" encoding="UTF-8"?>
<!-- Generated by org.testng.reporters.JUnitReportReporter -->
<testsuite hostname="DESKTOP-O63GFKG" failures="0" tests="3" name="com.test.SeleniumTests" time="7.038" errors="0" timestamp="2021-10-04T14:13:35 IST" skipped="0">
  <testcase classname="com.test.SeleniumTests" name="testTopics" time="3.777"/>
  <system-out/>
  <testcase classname="com.test.SeleniumTests" name="testLinks" time="2.504"/>
  <system-out/>
  <testcase classname="com.test.SeleniumTests" name="testHover" time="0.757"/>
  <system-out/>
</testsuite> <!-- com.test.SeleniumTests -->
