<?xml version="1.0" encoding="UTF-8"?>
<!-- Generated by org.testng.reporters.JUnitReportReporter -->
<testsuite hostname="DESKTOP-O63GFKG" failures="0" tests="5" name="com.test.BasicMathTest" time="0.015" errors="0" timestamp="2021-09-29T17:06:58 IST" skipped="0">
  <testcase classname="com.test.BasicMathTest" name="testDivideProperly" time="0.002"/>
  <system-out/>
  <testcase classname="com.test.BasicMathTest" name="testHighestProper" time="0.003"/>
  <system-out/>
  <testcase classname="com.test.BasicMathTest" name="testHighestProper2" time="0.003"/>
  <system-out/>
  <testcase classname="com.test.BasicMathTest" name="highTest" time="0.004"/>
  <system-out/>
  <testcase classname="com.test.BasicMathTest" name="testDivideZero" time="0.003"/>
  <system-out/>
</testsuite> <!-- com.test.BasicMathTest -->
