<?xml version="1.0" encoding="UTF-8"?>
<!-- Generated by org.testng.reporters.JUnitReportReporter -->
<testsuite hostname="DESKTOP-O63GFKG" failures="0" tests="1" name="com.test.BasicMathTest" time="0.003" errors="0" timestamp="2021-09-29T16:37:36 IST" skipped="0">
  <testcase classname="com.test.BasicMathTest" name="highTest" time="0.003"/>
  <system-out/>
</testsuite> <!-- com.test.BasicMathTest -->
