<?xml version="1.0" encoding="UTF-8"?>
<!-- Generated by org.testng.reporters.JUnitReportReporter -->
<testsuite hostname="DESKTOP-O63GFKG" failures="0" tests="2" name="com.test.MathTest" time="0.013" errors="0" timestamp="2021-10-01T15:03:46 IST" skipped="0">
  <testcase classname="com.test.MathTest" name="factorialTest2" time="0.008"/>
  <system-out/>
  <testcase classname="com.test.MathTest" name="factorialTest" time="0.005"/>
  <system-out/>
</testsuite> <!-- com.test.MathTest -->
