<?xml version="1.0" encoding="UTF-8"?>
<!-- Generated by org.testng.reporters.JUnitReportReporter -->
<testsuite hostname="DESKTOP-O63GFKG" failures="0" tests="2" name="com.test.MathTest" time="0.024" errors="0" timestamp="2021-09-29T17:06:58 IST" skipped="0">
  <testcase classname="com.test.MathTest" name="factorialTest2" time="0.010"/>
  <system-out/>
  <testcase classname="com.test.MathTest" name="factorialTest" time="0.014"/>
  <system-out/>
</testsuite> <!-- com.test.MathTest -->
