<?xml version="1.0" encoding="UTF-8"?>
<!-- Generated by org.testng.reporters.JUnitReportReporter -->
<testsuite hostname="DESKTOP-O63GFKG" failures="0" tests="2" name="com.test.MathTest" time="0.013" errors="0" timestamp="2021-10-04T14:13:35 IST" skipped="0">
  <testcase classname="com.test.MathTest" name="factorialTest2" time="0.006"/>
  <system-out/>
  <testcase classname="com.test.MathTest" name="factorialTest" time="0.007"/>
  <system-out/>
</testsuite> <!-- com.test.MathTest -->
