<?xml version="1.0" encoding="UTF-8"?>
<!-- Generated by org.testng.reporters.JUnitReportReporter -->
<testsuite hostname="DESKTOP-O63GFKG" failures="0" tests="4" name="com.test.DataDrivenTests" time="65.985" errors="0" timestamp="2021-10-04T15:48:52 IST" skipped="0">
  <testcase classname="com.test.DataDrivenTests" name="test" time="15.520"/>
  <system-out/>
  <testcase classname="com.test.DataDrivenTests" name="test" time="13.343"/>
  <system-out/>
  <testcase classname="com.test.DataDrivenTests" name="test" time="22.896"/>
  <system-out/>
  <testcase classname="com.test.DataDrivenTests" name="test" time="14.226"/>
  <system-out/>
</testsuite> <!-- com.test.DataDrivenTests -->
