<?xml version="1.0" encoding="UTF-8"?>
<!-- Generated by org.testng.reporters.JUnitReportReporter -->
<testsuite hostname="DESKTOP-O63GFKG" failures="0" tests="4" name="com.test.WebsiteTests" time="7.201" errors="0" timestamp="2021-10-01T17:56:04 IST" skipped="0">
  <testcase classname="com.test.WebsiteTests" name="titleTest" time="0.931"/>
  <system-out/>
  <testcase classname="com.test.WebsiteTests" name="headerTest" time="0.041"/>
  <system-out/>
  <testcase classname="com.test.WebsiteTests" name="messageClick" time="0.061"/>
  <system-out/>
  <testcase classname="com.test.WebsiteTests" name="messageClick2" time="6.168"/>
  <system-out/>
</testsuite> <!-- com.test.WebsiteTests -->
