<?xml version="1.0" encoding="UTF-8"?>
<!-- Generated by org.testng.reporters.JUnitReportReporter -->
<testsuite hostname="DESKTOP-O63GFKG" failures="0" tests="4" name="com.test.WebsiteTests" time="6.682" errors="0" timestamp="2021-10-04T14:13:35 IST" skipped="0">
  <testcase classname="com.test.WebsiteTests" name="titleTest" time="0.924"/>
  <system-out/>
  <testcase classname="com.test.WebsiteTests" name="headerTest" time="0.059"/>
  <system-out/>
  <testcase classname="com.test.WebsiteTests" name="messageClick" time="0.066"/>
  <system-out/>
  <testcase classname="com.test.WebsiteTests" name="messageClick2" time="5.633"/>
  <system-out/>
</testsuite> <!-- com.test.WebsiteTests -->
